<?xml version="1.0" encoding="UTF-8"?>
<!-- Generated by org.testng.reporters.JUnitReportReporter -->
<testsuite skipped="0" hostname="Mayank" name="com.here.sqe.Metrication.FacebookLogin" tests="1" failures="0" timestamp="17 Mar 2018 11:20:20 GMT" time="32.894" errors="0">
  <testcase name="login" time="32.894" classname="com.here.sqe.Metrication.FacebookLogin"/>
</testsuite> <!-- com.here.sqe.Metrication.FacebookLogin -->
