<?xml version="1.0" encoding="UTF-8"?>
<!-- Generated by org.testng.reporters.JUnitReportReporter -->
<testsuite skipped="0" hostname="Mayank" name="com.here.sqe.Metrication.VerifyTitle" tests="2" failures="0" timestamp="17 Mar 2018 17:30:24 GMT" time="62.235" errors="0">
  <testcase name="checkTitle" time="28.248" classname="com.here.sqe.Metrication.VerifyTitle"/>
  <testcase name="checkGoogleTitle" time="33.987" classname="com.here.sqe.Metrication.VerifyTitle"/>
</testsuite> <!-- com.here.sqe.Metrication.VerifyTitle -->
